<?xml version="1.0" encoding="UTF-8"?>
<testng-results ignored="1" total="4" passed="3" failed="0" skipped="0">
  <reporter-output>
    <line>
      <![CDATA[hello world]]>
    </line>
    <line>
      <![CDATA[hello world]]>
    </line>
    <line>
      <![CDATA[hey]]>
    </line>
  </reporter-output>
  <suite started-at="2021-08-22T13:12:21 IST" name="Default suite" finished-at="2021-08-22T13:12:21 IST" duration-ms="128">
    <groups>
    </groups>
    <test started-at="2021-08-22T13:12:21 IST" name="Default test" finished-at="2021-08-22T13:12:21 IST" duration-ms="128">
      <class name="dropppdowwn.TestNgpro">
        <test-method signature="demo()[pri:-1, instance:dropppdowwn.TestNgpro@355ce81c]" started-at="2021-08-22T13:12:21 IST" name="demo" finished-at="2021-08-22T13:12:21 IST" duration-ms="16" status="PASS">
          <reporter-output>
            <line>
              <![CDATA[hello world]]>
            </line>
          </reporter-output>
        </test-method> <!-- demo -->
        <test-method signature="demo()[pri:-1, instance:dropppdowwn.TestNgpro@355ce81c]" started-at="2021-08-22T13:12:21 IST" name="demo" finished-at="2021-08-22T13:12:21 IST" duration-ms="4" status="PASS">
          <reporter-output>
            <line>
              <![CDATA[hello world]]>
            </line>
          </reporter-output>
        </test-method> <!-- demo -->
        <test-method signature="hey()[pri:0, instance:dropppdowwn.TestNgpro@355ce81c]" started-at="2021-08-22T13:12:21 IST" name="hey" finished-at="2021-08-22T13:12:21 IST" duration-ms="3" status="PASS">
          <reporter-output>
            <line>
              <![CDATA[hey]]>
            </line>
          </reporter-output>
        </test-method> <!-- hey -->
      </class> <!-- dropppdowwn.TestNgpro -->
    </test> <!-- Default test -->
  </suite> <!-- Default suite -->
</testng-results>
