<?xml version="1.0" encoding="UTF-8"?>
<!-- Generated by org.testng.reporters.JUnitXMLReporter -->
<testsuite ignored="1" hostname="DESKTOP-1RHU1NU" failures="0" tests="3" name="Default test" time="0.128" errors="0" timestamp="2021-08-22T13:12:21 IST">
  <testcase classname="dropppdowwn.TestNgpro" name="demo" time="0.016"/>
  <testcase classname="dropppdowwn.TestNgpro" name="demo" time="0.004"/>
  <testcase classname="dropppdowwn.TestNgpro" name="hey" time="0.003"/>
  <testcase classname="dropppdowwn.TestNgpro" name="status" time="0.0">
    <ignored/>
  </testcase> <!-- status -->
</testsuite> <!-- Default test -->
